RELATÓRIO COMBINADO - TODOS OS TESTES
Data/Hora: 2025-12-02 00:41:41.451377
================================================================================

STDOUT:
--------------------------------------------------------------------------------
============================= test session starts =============================
platform win32 -- Python 3.13.9, pytest-9.0.1, pluggy-1.6.0 -- C:\Users\ianba\AppData\Local\Programs\Python\Python313\python.exe
cachedir: .pytest_cache
metadata: {'Python': '3.13.9', 'Platform': 'Windows-11-10.0.26100-SP0', 'Packages': {'pytest': '9.0.1', 'pluggy': '1.6.0'}, 'Plugins': {'json-report': '1.5.0', 'metadata': '3.1.1', 'mock': '3.15.1'}}
rootdir: C:\Users\ianba\OneDrive\�rea de Trabalho\facul\ES_2025.2\HabitTracker
plugins: json-report-1.5.0, metadata-3.1.1, mock-3.15.1
collecting ... collected 12 items

tests/test_habit_crud.py::TestHabitCRUD::test_cta_001_create_habit_success M�todos dispon�veis no HabitModel: ['attach', 'create_habit', 'data', 'delete_habit', 'detach', 'get_all_habits', 'mark_habit_done', 'notify', 'update_habit', 'user_model']
FAILED
tests/test_habit_crud.py::TestHabitCRUD::test_cta_002_create_habit_empty_name Resultado da cria��o com nome vazio: (False, 'Nenhum usu�rio logado.')
FAILED
tests/test_habit_crud.py::TestHabitCRUD::test_cta_003_update_habit_success SKIPPED
tests/test_habit_crud.py::TestHabitCRUD::test_cta_004_delete_habit_preserve_history SKIPPED
tests/test_habit_visualization.py::TestHabitVisualization::test_cta_005_get_active_habits_filter SKIPPED
tests/test_habit_visualization.py::TestHabitVisualization::test_cta_006_get_habit_by_id_with_history SKIPPED
tests/test_habit_visualization.py::TestHabitVisualization::test_cta_007_get_active_habits_empty_system FAILED
tests/test_habit_visualization.py::TestHabitVisualization::test_cta_008_habits_alphabetical_ordering SKIPPED
tests/test_report_generation.py::TestReportGeneration::test_cta_009_daily_report_with_mixed_completion SKIPPED
tests/test_report_generation.py::TestReportGeneration::test_cta_010_weekly_report_with_completion_history SKIPPED
tests/test_report_generation.py::TestReportGeneration::test_cta_011_monthly_report_with_varied_patterns SKIPPED
tests/test_report_generation.py::TestReportGeneration::test_cta_012_reports_with_empty_history SKIPPED

================================== FAILURES ===================================
_______________ TestHabitCRUD.test_cta_001_create_habit_success _______________
tests\test_habit_crud.py:66: in test_cta_001_create_habit_success
    all_habits = self.habit_model.get_all_habits()
                 ^^^^^^^^^^^^^^^^^^^^^^^^^^^^^^^^^
model\HabitModel.py:82: in get_all_habits
    print("\u26a0\ufe0f Nenhum usu\xe1rio logado!")
C:\Users\ianba\AppData\Local\Programs\Python\Python313\Lib\encodings\cp1252.py:19: in encode
    return codecs.charmap_encode(input,self.errors,encoding_table)[0]
           ^^^^^^^^^^^^^^^^^^^^^^^^^^^^^^^^^^^^^^^^^^^^^^^^^^^^^^^
E   UnicodeEncodeError: 'charmap' codec can't encode characters in position 0-1: character maps to <undefined>
_____________ TestHabitCRUD.test_cta_002_create_habit_empty_name ______________
tests\test_habit_crud.py:126: in test_cta_002_create_habit_empty_name
    all_habits = self.habit_model.get_all_habits()
                 ^^^^^^^^^^^^^^^^^^^^^^^^^^^^^^^^^
model\HabitModel.py:82: in get_all_habits
    print("\u26a0\ufe0f Nenhum usu\xe1rio logado!")
C:\Users\ianba\AppData\Local\Programs\Python\Python313\Lib\encodings\cp1252.py:19: in encode
    return codecs.charmap_encode(input,self.errors,encoding_table)[0]
           ^^^^^^^^^^^^^^^^^^^^^^^^^^^^^^^^^^^^^^^^^^^^^^^^^^^^^^^
E   UnicodeEncodeError: 'charmap' codec can't encode characters in position 0-1: character maps to <undefined>
_____ TestHabitVisualization.test_cta_007_get_active_habits_empty_system ______
tests\test_habit_visualization.py:197: in test_cta_007_get_active_habits_empty_system
    all_habits = self.habit_model.get_all_habits()
                 ^^^^^^^^^^^^^^^^^^^^^^^^^^^^^^^^^
model\HabitModel.py:82: in get_all_habits
    print("\u26a0\ufe0f Nenhum usu\xe1rio logado!")
C:\Users\ianba\AppData\Local\Programs\Python\Python313\Lib\encodings\cp1252.py:19: in encode
    return codecs.charmap_encode(input,self.errors,encoding_table)[0]
           ^^^^^^^^^^^^^^^^^^^^^^^^^^^^^^^^^^^^^^^^^^^^^^^^^^^^^^^
E   UnicodeEncodeError: 'charmap' codec can't encode characters in position 0-1: character maps to <undefined>
============================== warnings summary ===============================
tests\test_habit_crud.py:29
  C:\Users\ianba\OneDrive\�rea de Trabalho\facul\ES_2025.2\HabitTracker\tests\test_habit_crud.py:29: PytestUnknownMarkWarning: Unknown pytest.mark.crud - is this a typo?  You can register custom marks to avoid this warning - for details, see https://docs.pytest.org/en/stable/how-to/mark.html
    @pytest.mark.crud

tests\test_habit_crud.py:91
  C:\Users\ianba\OneDrive\�rea de Trabalho\facul\ES_2025.2\HabitTracker\tests\test_habit_crud.py:91: PytestUnknownMarkWarning: Unknown pytest.mark.crud - is this a typo?  You can register custom marks to avoid this warning - for details, see https://docs.pytest.org/en/stable/how-to/mark.html
    @pytest.mark.crud

tests\test_habit_crud.py:131
  C:\Users\ianba\OneDrive\�rea de Trabalho\facul\ES_2025.2\HabitTracker\tests\test_habit_crud.py:131: PytestUnknownMarkWarning: Unknown pytest.mark.crud - is this a typo?  You can register custom marks to avoid this warning - for details, see https://docs.pytest.org/en/stable/how-to/mark.html
    @pytest.mark.crud

tests\test_habit_crud.py:183
  C:\Users\ianba\OneDrive\�rea de Trabalho\facul\ES_2025.2\HabitTracker\tests\test_habit_crud.py:183: PytestUnknownMarkWarning: Unknown pytest.mark.crud - is this a typo?  You can register custom marks to avoid this warning - for details, see https://docs.pytest.org/en/stable/how-to/mark.html
    @pytest.mark.crud

tests\test_habit_visualization.py:28
  C:\Users\ianba\OneDrive\�rea de Trabalho\facul\ES_2025.2\HabitTracker\tests\test_habit_visualization.py:28: PytestUnknownMarkWarning: Unknown pytest.mark.visualization - is this a typo?  You can register custom marks to avoid this warning - for details, see https://docs.pytest.org/en/stable/how-to/mark.html
    @pytest.mark.visualization

tests\test_habit_visualization.py:114
  C:\Users\ianba\OneDrive\�rea de Trabalho\facul\ES_2025.2\HabitTracker\tests\test_habit_visualization.py:114: PytestUnknownMarkWarning: Unknown pytest.mark.visualization - is this a typo?  You can register custom marks to avoid this warning - for details, see https://docs.pytest.org/en/stable/how-to/mark.html
    @pytest.mark.visualization

tests\test_habit_visualization.py:187
  C:\Users\ianba\OneDrive\�rea de Trabalho\facul\ES_2025.2\HabitTracker\tests\test_habit_visualization.py:187: PytestUnknownMarkWarning: Unknown pytest.mark.visualization - is this a typo?  You can register custom marks to avoid this warning - for details, see https://docs.pytest.org/en/stable/how-to/mark.html
    @pytest.mark.visualization

tests\test_habit_visualization.py:229
  C:\Users\ianba\OneDrive\�rea de Trabalho\facul\ES_2025.2\HabitTracker\tests\test_habit_visualization.py:229: PytestUnknownMarkWarning: Unknown pytest.mark.visualization - is this a typo?  You can register custom marks to avoid this warning - for details, see https://docs.pytest.org/en/stable/how-to/mark.html
    @pytest.mark.visualization

tests\test_report_generation.py:41
  C:\Users\ianba\OneDrive\�rea de Trabalho\facul\ES_2025.2\HabitTracker\tests\test_report_generation.py:41: PytestUnknownMarkWarning: Unknown pytest.mark.reports - is this a typo?  You can register custom marks to avoid this warning - for details, see https://docs.pytest.org/en/stable/how-to/mark.html
    @pytest.mark.reports

tests\test_report_generation.py:167
  C:\Users\ianba\OneDrive\�rea de Trabalho\facul\ES_2025.2\HabitTracker\tests\test_report_generation.py:167: PytestUnknownMarkWarning: Unknown pytest.mark.reports - is this a typo?  You can register custom marks to avoid this warning - for details, see https://docs.pytest.org/en/stable/how-to/mark.html
    @pytest.mark.reports

tests\test_report_generation.py:313
  C:\Users\ianba\OneDrive\�rea de Trabalho\facul\ES_2025.2\HabitTracker\tests\test_report_generation.py:313: PytestUnknownMarkWarning: Unknown pytest.mark.reports - is this a typo?  You can register custom marks to avoid this warning - for details, see https://docs.pytest.org/en/stable/how-to/mark.html
    @pytest.mark.reports

tests\test_report_generation.py:494
  C:\Users\ianba\OneDrive\�rea de Trabalho\facul\ES_2025.2\HabitTracker\tests\test_report_generation.py:494: PytestUnknownMarkWarning: Unknown pytest.mark.reports - is this a typo?  You can register custom marks to avoid this warning - for details, see https://docs.pytest.org/en/stable/how-to/mark.html
    @pytest.mark.reports

-- Docs: https://docs.pytest.org/en/stable/how-to/capture-warnings.html
=========================== short test summary info ===========================
FAILED tests/test_habit_crud.py::TestHabitCRUD::test_cta_001_create_habit_success
FAILED tests/test_habit_crud.py::TestHabitCRUD::test_cta_002_create_habit_empty_name
FAILED tests/test_habit_visualization.py::TestHabitVisualization::test_cta_007_get_active_habits_empty_system
================== 3 failed, 9 skipped, 12 warnings in 0.44s ==================


STDERR:
--------------------------------------------------------------------------------
(vazio)

CÓDIGO DE SAÍDA: 1
